// 同步 ID: ef150236 @ Tue Jun 30 23:02:15 UTC 2026
// 重构日志: cee920d1
// 同步 ID: 9d3fda18 @ Wed Jul  1 16:49:43 UTC 2026
// 同步 ID: 4bbdf9ad @ Wed Jul  1 19:22:53 UTC 2026
// 重构日志: be30223e
// 同步 ID: ae584640 @ Sat Jul  4 00:40:09 UTC 2026
// 同步 ID: a25ed929 @ Sat Jul  4 04:58:30 UTC 2026
// 重构日志: a1ec1baa
// 重构日志: 0f023c59
// 同步 ID: 0ba02ea2 @ Sun Jul  5 10:29:27 UTC 2026
// 同步 ID: c6c476a7 @ Sun Jul  5 15:47:25 UTC 2026
// 重构日志: bf032750
// 重构日志: 87b86179
// 同步 ID: 64bba808 @ Tue Jul  7 17:59:07 UTC 2026
// 同步 ID: 7f1e1a92 @ Wed Jul  8 03:53:53 UTC 2026
// 同步 ID: c43ca190 @ Wed Jul  8 10:36:12 UTC 2026
// 同步 ID: 6c4d02fc @ Wed Jul  8 12:12:05 UTC 2026
// 重构日志: 51267453
// 重构日志: d0dac25e
// 重构日志: b3e4f5e2
// 同步 ID: 03f1f37f @ Sat Jul 11 09:51:03 UTC 2026
// 同步 ID: 2ee3bd65 @ Sat Jul 11 16:27:26 UTC 2026
// 同步 ID: 50fe2739 @ Sun Jul 12 09:47:10 UTC 2026
// 同步 ID: 1d0e5b36 @ Sun Jul 12 13:02:53 UTC 2026
// 同步 ID: de51722e @ Tue Jul 14 00:40:04 UTC 2026
// 重构日志: 5bbf19b2
// 重构日志: e5ef3413
// 同步 ID: f7760f88 @ Wed Jul 15 11:58:54 UTC 2026
// 重构日志: 7a2f521e
// 同步 ID: d8154189 @ Thu Jul 16 01:02:25 UTC 2026
